2025-07-29 23:20:16,222 - discord.client - WARNING - PyNaCl is not installed, voice will NOT be supported
2025-07-29 23:25:06,438 - discord.client - WARNING - PyNaCl is not installed, voice will NOT be supported
2025-07-29 23:25:06,448 - discord.client - INFO - logging in using static token
2025-07-29 23:25:46,956 - discord.client - WARNING - PyNaCl is not installed, voice will NOT be supported
2025-07-29 23:25:46,958 - discord.client - INFO - logging in using static token
2025-07-29 23:25:47,770 - discord.gateway - INFO - Shard ID None has connected to Gateway (Session ID: 4dc696569fd2ce706492954ecb5f9fd6).
2025-07-29 23:25:49,788 - SummarizerBot - INFO - ShortCord#0659 has connected to Discord!
2025-07-29 23:25:49,788 - SummarizerBot - INFO - Connected to 1 guilds
2025-07-29 23:26:02,265 - SummarizerBot - INFO - Summarizing 0 messages since last activity from dodo_alone
2025-07-29 23:26:14,284 - SummarizerBot - INFO - Summarizing 50 messages by request from dodo_alone
2025-07-29 23:26:17,523 - SummarizerBot - INFO - Generated summary with ~946 input tokens
2025-07-29 23:27:52,994 - SummarizerBot - INFO - Summarizing 50 messages by request from dodo_alone
2025-07-29 23:27:56,994 - SummarizerBot - INFO - Generated summary with ~1210 input tokens
2025-07-29 23:32:12,025 - SummarizerBot - INFO - Summarizing 1 messages by request from hatecrime47
2025-07-29 23:32:12,665 - SummarizerBot - INFO - Generated summary with ~201 input tokens
2025-07-29 23:32:57,731 - SummarizerBot - INFO - Summarizing 2 messages by request from hatecrime47
2025-07-29 23:32:58,446 - SummarizerBot - INFO - Generated summary with ~226 input tokens
2025-07-29 23:34:27,422 - SummarizerBot - INFO - Summarizing 2 messages by request from hatecrime47
2025-07-29 23:34:28,448 - SummarizerBot - INFO - Generated summary with ~218 input tokens
2025-07-29 23:34:33,985 - SummarizerBot - INFO - Summarizing 2 messages by request from hatecrime47
2025-07-29 23:34:34,840 - SummarizerBot - INFO - Generated summary with ~270 input tokens
2025-07-29 23:34:42,601 - SummarizerBot - INFO - Summarizing 2 messages by request from hatecrime47
2025-07-29 23:34:43,337 - SummarizerBot - INFO - Generated summary with ~217 input tokens
2025-07-29 23:34:51,117 - SummarizerBot - INFO - Summarizing 2 messages by request from hatecrime47
2025-07-29 23:34:52,064 - SummarizerBot - INFO - Generated summary with ~259 input tokens
2025-07-29 23:34:54,478 - SummarizerBot - INFO - Summarizing 2 messages by request from hatecrime47
2025-07-29 23:34:55,862 - SummarizerBot - INFO - Generated summary with ~292 input tokens
2025-07-29 23:34:56,636 - SummarizerBot - INFO - Summarizing 2 messages by request from hatecrime47
2025-07-29 23:34:57,807 - SummarizerBot - INFO - Generated summary with ~339 input tokens
2025-07-29 23:35:38,707 - SummarizerBot - INFO - Summarizing 0 messages since last activity from dodo_alone
